0:0:0:0:0:0:0:1 - - [22/Nov/2018:14:08:55 +0800] "GET /swagger-resources/configuration/ui HTTP/1.1" 200 186
0:0:0:0:0:0:0:1 - - [22/Nov/2018:14:08:55 +0800] "GET /swagger-resources HTTP/1.1" 200 110
0:0:0:0:0:0:0:1 - - [22/Nov/2018:14:08:56 +0800] "GET /v2/api-docs HTTP/1.1" 200 1151
0:0:0:0:0:0:0:1 - - [22/Nov/2018:14:08:56 +0800] "GET /swagger-resources/configuration/security HTTP/1.1" 200 107
0:0:0:0:0:0:0:1 - - [22/Nov/2018:14:10:42 +0800] "GET /demo/login HTTP/1.1" 200 249
0:0:0:0:0:0:0:1 - - [22/Nov/2018:14:11:18 +0800] "GET /demo/demoFindById/0c0b1ca9dabb4e54a64285fc6af300a0 HTTP/1.1" 200 76
0:0:0:0:0:0:0:1 - - [22/Nov/2018:14:14:20 +0800] "GET /demo/demoFindById/00000a51555c4666967123ff4784bb8b HTTP/1.1" 200 1085
0:0:0:0:0:0:0:1 - - [22/Nov/2018:14:34:22 +0800] "GET /swagger-ui.html HTTP/1.1" 200 794
0:0:0:0:0:0:0:1 - - [22/Nov/2018:14:34:22 +0800] "GET /webjars/springfox-swagger-ui/css/screen.css HTTP/1.1" 200 43644
0:0:0:0:0:0:0:1 - - [22/Nov/2018:14:34:22 +0800] "GET /webjars/springfox-swagger-ui/lib/object-assign-pollyfill.js HTTP/1.1" 200 349
0:0:0:0:0:0:0:1 - - [22/Nov/2018:14:34:22 +0800] "GET /webjars/springfox-swagger-ui/css/typography.css HTTP/1.1" 200 -
0:0:0:0:0:0:0:1 - - [22/Nov/2018:14:34:22 +0800] "GET /webjars/springfox-swagger-ui/css/reset.css HTTP/1.1" 200 773
0:0:0:0:0:0:0:1 - - [22/Nov/2018:14:34:22 +0800] "GET /webjars/springfox-swagger-ui/lib/jquery.slideto.min.js HTTP/1.1" 200 365
0:0:0:0:0:0:0:1 - - [22/Nov/2018:14:34:22 +0800] "GET /swagger-ui.html HTTP/1.1" 200 794
0:0:0:0:0:0:0:1 - - [22/Nov/2018:14:34:22 +0800] "GET /webjars/springfox-swagger-ui/lib/jquery.wiggle.min.js HTTP/1.1" 200 536
0:0:0:0:0:0:0:1 - - [22/Nov/2018:14:34:22 +0800] "GET /webjars/springfox-swagger-ui/lib/object-assign-pollyfill.js HTTP/1.1" 200 349
0:0:0:0:0:0:0:1 - - [22/Nov/2018:14:34:22 +0800] "GET /webjars/springfox-swagger-ui/css/screen.css HTTP/1.1" 200 43644
0:0:0:0:0:0:0:1 - - [22/Nov/2018:14:34:22 +0800] "GET /webjars/springfox-swagger-ui/css/typography.css HTTP/1.1" 200 -
0:0:0:0:0:0:0:1 - - [22/Nov/2018:14:34:22 +0800] "GET /webjars/springfox-swagger-ui/lib/jquery.ba-bbq.min.js HTTP/1.1" 200 3518
0:0:0:0:0:0:0:1 - - [22/Nov/2018:14:34:22 +0800] "GET /webjars/springfox-swagger-ui/css/reset.css HTTP/1.1" 200 773
0:0:0:0:0:0:0:1 - - [22/Nov/2018:14:34:22 +0800] "GET /webjars/springfox-swagger-ui/lib/jquery.wiggle.min.js HTTP/1.1" 200 536
0:0:0:0:0:0:0:1 - - [22/Nov/2018:14:34:22 +0800] "GET /webjars/springfox-swagger-ui/lib/jquery.slideto.min.js HTTP/1.1" 200 365
0:0:0:0:0:0:0:1 - - [22/Nov/2018:14:34:22 +0800] "GET /webjars/springfox-swagger-ui/lib/lodash.min.js HTTP/1.1" 200 51894
0:0:0:0:0:0:0:1 - - [22/Nov/2018:14:34:22 +0800] "GET /webjars/springfox-swagger-ui/lib/jquery-1.8.0.min.js HTTP/1.1" 200 92032
0:0:0:0:0:0:0:1 - - [22/Nov/2018:14:34:22 +0800] "GET /webjars/springfox-swagger-ui/lib/jquery.ba-bbq.min.js HTTP/1.1" 200 3518
0:0:0:0:0:0:0:1 - - [22/Nov/2018:14:34:22 +0800] "GET /webjars/springfox-swagger-ui/lib/backbone-min.js HTTP/1.1" 200 19371
0:0:0:0:0:0:0:1 - - [22/Nov/2018:14:34:22 +0800] "GET /webjars/springfox-swagger-ui/lib/jquery-1.8.0.min.js HTTP/1.1" 500 81920
0:0:0:0:0:0:0:1 - - [22/Nov/2018:14:34:22 +0800] "GET /webjars/springfox-swagger-ui/lib/lodash.min.js HTTP/1.1" 500 8192
0:0:0:0:0:0:0:1 - - [22/Nov/2018:14:34:22 +0800] "GET /webjars/springfox-swagger-ui/lib/backbone-min.js HTTP/1.1" 500 8192
0:0:0:0:0:0:0:1 - - [22/Nov/2018:14:34:22 +0800] "GET /webjars/springfox-swagger-ui/lib/handlebars-4.0.5.js HTTP/1.1" 500 8192
0:0:0:0:0:0:0:1 - - [22/Nov/2018:14:34:22 +0800] "GET /webjars/springfox-swagger-ui/lib/highlight.9.1.0.pack.js HTTP/1.1" 200 10962
0:0:0:0:0:0:0:1 - - [22/Nov/2018:14:34:22 +0800] "GET /webjars/springfox-swagger-ui/lib/handlebars-4.0.5.js HTTP/1.1" 200 71504
0:0:0:0:0:0:0:1 - - [22/Nov/2018:14:34:22 +0800] "GET /webjars/springfox-swagger-ui/lib/jsoneditor.min.js HTTP/1.1" 200 129835
0:0:0:0:0:0:0:1 - - [22/Nov/2018:14:34:22 +0800] "GET /webjars/springfox-swagger-ui/lib/marked.js HTTP/1.1" 200 15724
0:0:0:0:0:0:0:1 - - [22/Nov/2018:14:34:22 +0800] "GET /webjars/springfox-swagger-ui/lib/highlight.9.1.0.pack_extended.js HTTP/1.1" 200 310
0:0:0:0:0:0:0:1 - - [22/Nov/2018:14:34:22 +0800] "GET /webjars/springfox-swagger-ui/lib/swagger-oauth.js HTTP/1.1" 200 7042
0:0:0:0:0:0:0:1 - - [22/Nov/2018:14:34:22 +0800] "GET /webjars/springfox-swagger-ui/springfox.js HTTP/1.1" 200 4475
0:0:0:0:0:0:0:1 - - [22/Nov/2018:14:34:22 +0800] "GET /webjars/springfox-swagger-ui/swagger-ui.min.js HTTP/1.1" 200 453076
0:0:0:0:0:0:0:1 - - [22/Nov/2018:14:34:22 +0800] "GET /webjars/springfox-swagger-ui/images/logo_small.png HTTP/1.1" 200 455
0:0:0:0:0:0:0:1 - - [22/Nov/2018:14:34:22 +0800] "GET /webjars/springfox-swagger-ui/css/print.css HTTP/1.1" 200 41666
0:0:0:0:0:0:0:1 - - [22/Nov/2018:14:34:22 +0800] "GET /swagger-resources/configuration/ui HTTP/1.1" 200 186
0:0:0:0:0:0:0:1 - - [22/Nov/2018:14:34:22 +0800] "GET /swagger-resources HTTP/1.1" 200 110
0:0:0:0:0:0:0:1 - - [22/Nov/2018:14:34:22 +0800] "GET /webjars/springfox-swagger-ui/images/favicon-32x32.png HTTP/1.1" 200 1141
0:0:0:0:0:0:0:1 - - [22/Nov/2018:14:34:23 +0800] "GET /v2/api-docs HTTP/1.1" 200 1151
0:0:0:0:0:0:0:1 - - [22/Nov/2018:14:34:23 +0800] "GET /swagger-resources/configuration/security HTTP/1.1" 200 107
0:0:0:0:0:0:0:1 - - [22/Nov/2018:14:35:09 +0800] "GET /swagger-ui.html HTTP/1.1" 200 794
0:0:0:0:0:0:0:1 - - [22/Nov/2018:14:35:10 +0800] "GET /webjars/springfox-swagger-ui/css/typography.css HTTP/1.1" 200 -
0:0:0:0:0:0:0:1 - - [22/Nov/2018:14:35:10 +0800] "GET /webjars/springfox-swagger-ui/css/reset.css HTTP/1.1" 200 773
0:0:0:0:0:0:0:1 - - [22/Nov/2018:14:35:10 +0800] "GET /webjars/springfox-swagger-ui/lib/object-assign-pollyfill.js HTTP/1.1" 200 349
0:0:0:0:0:0:0:1 - - [22/Nov/2018:14:35:10 +0800] "GET /webjars/springfox-swagger-ui/lib/jquery-1.8.0.min.js HTTP/1.1" 200 92032
0:0:0:0:0:0:0:1 - - [22/Nov/2018:14:35:10 +0800] "GET /webjars/springfox-swagger-ui/css/screen.css HTTP/1.1" 200 43644
0:0:0:0:0:0:0:1 - - [22/Nov/2018:14:35:10 +0800] "GET /webjars/springfox-swagger-ui/lib/jquery.wiggle.min.js HTTP/1.1" 200 536
0:0:0:0:0:0:0:1 - - [22/Nov/2018:14:35:10 +0800] "GET /webjars/springfox-swagger-ui/lib/jquery.slideto.min.js HTTP/1.1" 200 365
0:0:0:0:0:0:0:1 - - [22/Nov/2018:14:35:10 +0800] "GET /webjars/springfox-swagger-ui/lib/jquery.ba-bbq.min.js HTTP/1.1" 200 3518
0:0:0:0:0:0:0:1 - - [22/Nov/2018:14:35:10 +0800] "GET /webjars/springfox-swagger-ui/lib/lodash.min.js HTTP/1.1" 200 51894
0:0:0:0:0:0:0:1 - - [22/Nov/2018:14:35:10 +0800] "GET /webjars/springfox-swagger-ui/lib/backbone-min.js HTTP/1.1" 200 19371
0:0:0:0:0:0:0:1 - - [22/Nov/2018:14:35:10 +0800] "GET /webjars/springfox-swagger-ui/lib/handlebars-4.0.5.js HTTP/1.1" 200 71504
0:0:0:0:0:0:0:1 - - [22/Nov/2018:14:35:10 +0800] "GET /webjars/springfox-swagger-ui/lib/highlight.9.1.0.pack_extended.js HTTP/1.1" 200 310
0:0:0:0:0:0:0:1 - - [22/Nov/2018:14:35:10 +0800] "GET /webjars/springfox-swagger-ui/swagger-ui.min.js HTTP/1.1" 200 453076
0:0:0:0:0:0:0:1 - - [22/Nov/2018:14:35:10 +0800] "GET /webjars/springfox-swagger-ui/lib/highlight.9.1.0.pack.js HTTP/1.1" 200 10962
0:0:0:0:0:0:0:1 - - [22/Nov/2018:14:35:10 +0800] "GET /webjars/springfox-swagger-ui/lib/swagger-oauth.js HTTP/1.1" 200 7042
0:0:0:0:0:0:0:1 - - [22/Nov/2018:14:35:10 +0800] "GET /webjars/springfox-swagger-ui/lib/marked.js HTTP/1.1" 200 15724
0:0:0:0:0:0:0:1 - - [22/Nov/2018:14:35:10 +0800] "GET /webjars/springfox-swagger-ui/images/logo_small.png HTTP/1.1" 200 455
0:0:0:0:0:0:0:1 - - [22/Nov/2018:14:35:10 +0800] "GET /webjars/springfox-swagger-ui/springfox.js HTTP/1.1" 200 4475
0:0:0:0:0:0:0:1 - - [22/Nov/2018:14:35:10 +0800] "GET /webjars/springfox-swagger-ui/css/print.css HTTP/1.1" 200 41666
0:0:0:0:0:0:0:1 - - [22/Nov/2018:14:35:10 +0800] "GET /webjars/springfox-swagger-ui/lib/jsoneditor.min.js HTTP/1.1" 200 129835
0:0:0:0:0:0:0:1 - - [22/Nov/2018:14:35:10 +0800] "GET /webjars/springfox-swagger-ui/images/favicon-32x32.png HTTP/1.1" 200 1141
0:0:0:0:0:0:0:1 - - [22/Nov/2018:14:35:10 +0800] "GET /swagger-resources/configuration/ui HTTP/1.1" 200 186
0:0:0:0:0:0:0:1 - - [22/Nov/2018:14:35:10 +0800] "GET /swagger-resources HTTP/1.1" 200 110
0:0:0:0:0:0:0:1 - - [22/Nov/2018:14:35:10 +0800] "GET /v2/api-docs HTTP/1.1" 200 1252
0:0:0:0:0:0:0:1 - - [22/Nov/2018:14:35:10 +0800] "GET /swagger-resources/configuration/security HTTP/1.1" 200 107
0:0:0:0:0:0:0:1 - - [22/Nov/2018:14:42:41 +0800] "GET /swagger-ui.html HTTP/1.1" 200 794
0:0:0:0:0:0:0:1 - - [22/Nov/2018:14:42:41 +0800] "GET /webjars/springfox-swagger-ui/lib/jquery-1.8.0.min.js HTTP/1.1" 200 92032
0:0:0:0:0:0:0:1 - - [22/Nov/2018:14:42:41 +0800] "GET /webjars/springfox-swagger-ui/css/reset.css HTTP/1.1" 200 773
0:0:0:0:0:0:0:1 - - [22/Nov/2018:14:42:41 +0800] "GET /webjars/springfox-swagger-ui/css/typography.css HTTP/1.1" 200 -
0:0:0:0:0:0:0:1 - - [22/Nov/2018:14:42:41 +0800] "GET /webjars/springfox-swagger-ui/css/screen.css HTTP/1.1" 200 43644
0:0:0:0:0:0:0:1 - - [22/Nov/2018:14:42:41 +0800] "GET /webjars/springfox-swagger-ui/lib/object-assign-pollyfill.js HTTP/1.1" 200 349
0:0:0:0:0:0:0:1 - - [22/Nov/2018:14:42:41 +0800] "GET /webjars/springfox-swagger-ui/lib/jquery.slideto.min.js HTTP/1.1" 200 365
0:0:0:0:0:0:0:1 - - [22/Nov/2018:14:42:41 +0800] "GET /webjars/springfox-swagger-ui/lib/lodash.min.js HTTP/1.1" 200 51894
0:0:0:0:0:0:0:1 - - [22/Nov/2018:14:42:41 +0800] "GET /webjars/springfox-swagger-ui/lib/backbone-min.js HTTP/1.1" 200 19371
0:0:0:0:0:0:0:1 - - [22/Nov/2018:14:42:41 +0800] "GET /webjars/springfox-swagger-ui/lib/jquery.ba-bbq.min.js HTTP/1.1" 200 3518
0:0:0:0:0:0:0:1 - - [22/Nov/2018:14:42:41 +0800] "GET /webjars/springfox-swagger-ui/lib/highlight.9.1.0.pack.js HTTP/1.1" 200 10962
0:0:0:0:0:0:0:1 - - [22/Nov/2018:14:42:41 +0800] "GET /webjars/springfox-swagger-ui/lib/highlight.9.1.0.pack_extended.js HTTP/1.1" 200 310
0:0:0:0:0:0:0:1 - - [22/Nov/2018:14:42:41 +0800] "GET /webjars/springfox-swagger-ui/lib/handlebars-4.0.5.js HTTP/1.1" 200 71504
0:0:0:0:0:0:0:1 - - [22/Nov/2018:14:42:41 +0800] "GET /webjars/springfox-swagger-ui/lib/jquery.wiggle.min.js HTTP/1.1" 200 536
0:0:0:0:0:0:0:1 - - [22/Nov/2018:14:42:41 +0800] "GET /webjars/springfox-swagger-ui/lib/marked.js HTTP/1.1" 200 15724
0:0:0:0:0:0:0:1 - - [22/Nov/2018:14:42:41 +0800] "GET /webjars/springfox-swagger-ui/swagger-ui.min.js HTTP/1.1" 200 453076
0:0:0:0:0:0:0:1 - - [22/Nov/2018:14:42:41 +0800] "GET /webjars/springfox-swagger-ui/lib/jsoneditor.min.js HTTP/1.1" 200 129835
0:0:0:0:0:0:0:1 - - [22/Nov/2018:14:42:41 +0800] "GET /webjars/springfox-swagger-ui/springfox.js HTTP/1.1" 200 4475
0:0:0:0:0:0:0:1 - - [22/Nov/2018:14:42:41 +0800] "GET /webjars/springfox-swagger-ui/lib/swagger-oauth.js HTTP/1.1" 200 7042
0:0:0:0:0:0:0:1 - - [22/Nov/2018:14:42:41 +0800] "GET /webjars/springfox-swagger-ui/css/print.css HTTP/1.1" 200 41666
0:0:0:0:0:0:0:1 - - [22/Nov/2018:14:42:41 +0800] "GET /webjars/springfox-swagger-ui/images/logo_small.png HTTP/1.1" 200 455
0:0:0:0:0:0:0:1 - - [22/Nov/2018:14:42:41 +0800] "GET /webjars/springfox-swagger-ui/images/favicon-32x32.png HTTP/1.1" 200 1141
0:0:0:0:0:0:0:1 - - [22/Nov/2018:14:42:41 +0800] "GET /swagger-resources/configuration/ui HTTP/1.1" 200 186
0:0:0:0:0:0:0:1 - - [22/Nov/2018:14:42:41 +0800] "GET /swagger-resources HTTP/1.1" 200 110
0:0:0:0:0:0:0:1 - - [22/Nov/2018:14:42:42 +0800] "GET /v2/api-docs HTTP/1.1" 200 1276
0:0:0:0:0:0:0:1 - - [22/Nov/2018:14:42:42 +0800] "GET /swagger-resources/configuration/security HTTP/1.1" 200 107
192.168.43.23 - - [22/Nov/2018:14:47:07 +0800] "GET /v2/api-docs HTTP/1.1" 200 6923
192.168.43.23 - - [22/Nov/2018:14:47:21 +0800] "GET /v2/api-docs HTTP/1.1" 200 1292
192.168.43.23 - - [22/Nov/2018:14:53:14 +0800] "GET /v2/api-docs HTTP/1.1" 200 1338
192.168.43.23 - - [22/Nov/2018:14:57:08 +0800] "GET /v2/api-docs HTTP/1.1" 200 1345
0:0:0:0:0:0:0:1 - - [22/Nov/2018:14:57:19 +0800] "GET /swagger-ui.html HTTP/1.1" 200 1237
0:0:0:0:0:0:0:1 - - [22/Nov/2018:14:57:19 +0800] "GET /webjars/springfox-swagger-ui/springfox.css?v=2.9.2 HTTP/1.1" 200 2894
0:0:0:0:0:0:0:1 - - [22/Nov/2018:14:57:19 +0800] "GET /webjars/springfox-swagger-ui/swagger-ui.css?v=2.9.2 HTTP/1.1" 200 154488
0:0:0:0:0:0:0:1 - - [22/Nov/2018:14:57:19 +0800] "GET /webjars/springfox-swagger-ui/springfox.js?v=2.9.2 HTTP/1.1" 200 96207
0:0:0:0:0:0:0:1 - - [22/Nov/2018:14:57:19 +0800] "GET /webjars/springfox-swagger-ui/swagger-ui-standalone-preset.js?v=2.9.2 HTTP/1.1" 200 440850
0:0:0:0:0:0:0:1 - - [22/Nov/2018:14:57:19 +0800] "GET /webjars/springfox-swagger-ui/swagger-ui-bundle.js?v=2.9.2 HTTP/1.1" 200 1448844
0:0:0:0:0:0:0:1 - - [22/Nov/2018:14:57:20 +0800] "GET /webjars/springfox-swagger-ui/favicon-32x32.png?v=2.9.2 HTTP/1.1" 200 1141
0:0:0:0:0:0:0:1 - - [22/Nov/2018:14:57:20 +0800] "GET /webjars/springfox-swagger-ui/favicon-16x16.png?v=2.9.2 HTTP/1.1" 200 445
0:0:0:0:0:0:0:1 - - [22/Nov/2018:14:57:20 +0800] "GET /swagger-resources/configuration/ui HTTP/1.1" 200 280
0:0:0:0:0:0:0:1 - - [22/Nov/2018:14:57:20 +0800] "GET /swagger-resources/configuration/security HTTP/1.1" 200 48
0:0:0:0:0:0:0:1 - - [22/Nov/2018:14:57:20 +0800] "GET /swagger-resources HTTP/1.1" 200 117
0:0:0:0:0:0:0:1 - - [22/Nov/2018:14:57:20 +0800] "GET /v2/api-docs HTTP/1.1" 200 1330
0:0:0:0:0:0:0:1 - - [22/Nov/2018:14:57:20 +0800] "GET /webjars/springfox-swagger-ui/fonts/open-sans-v15-latin-regular.woff2 HTTP/1.1" 200 14048
0:0:0:0:0:0:0:1 - - [22/Nov/2018:14:57:20 +0800] "GET /webjars/springfox-swagger-ui/fonts/titillium-web-v6-latin-700.woff2 HTTP/1.1" 200 11640
0:0:0:0:0:0:0:1 - - [22/Nov/2018:14:57:20 +0800] "GET / HTTP/1.1" 404 151
0:0:0:0:0:0:0:1 - - [22/Nov/2018:14:57:20 +0800] "GET /webjars/springfox-swagger-ui/fonts/open-sans-v15-latin-700.woff2 HTTP/1.1" 200 14720
0:0:0:0:0:0:0:1 - - [22/Nov/2018:14:57:20 +0800] "GET /webjars/springfox-swagger-ui/fonts/source-code-pro-v7-latin-300.woff2 HTTP/1.1" 200 13292
0:0:0:0:0:0:0:1 - - [22/Nov/2018:14:57:20 +0800] "GET /csrf HTTP/1.1" 404 155
0:0:0:0:0:0:0:1 - - [22/Nov/2018:14:57:24 +0800] "GET /webjars/springfox-swagger-ui/fonts/source-code-pro-v7-latin-600.woff2 HTTP/1.1" 200 12956
0:0:0:0:0:0:0:1 - - [22/Nov/2018:14:57:26 +0800] "GET /webjars/springfox-swagger-ui/fonts/titillium-web-v6-latin-regular.woff2 HTTP/1.1" 200 12264
0:0:0:0:0:0:0:1 - - [22/Nov/2018:14:57:28 +0800] "GET /demo/login HTTP/1.1" 200 249
0:0:0:0:0:0:0:1 - - [22/Nov/2018:14:57:29 +0800] "GET /webjars/springfox-swagger-ui/fonts/titillium-web-v6-latin-600.woff2 HTTP/1.1" 200 12148
0:0:0:0:0:0:0:1 - - [22/Nov/2018:14:57:48 +0800] "GET /demo/demoFindById/%7Bid%7D HTTP/1.1" 200 76
192.168.43.23 - - [22/Nov/2018:15:01:08 +0800] "GET /v2/api-docs HTTP/1.1" 200 1345
192.168.43.23 - - [22/Nov/2018:15:01:22 +0800] "GET /v2/api-docs HTTP/1.1" 200 1345
192.168.43.23 - - [22/Nov/2018:15:01:56 +0800] "GET /v2/api-docs HTTP/1.1" 200 1345
192.168.43.23 - - [22/Nov/2018:15:11:54 +0800] "GET /v2/api-docs HTTP/1.1" 200 1345
192.168.43.23 - - [22/Nov/2018:15:15:19 +0800] "GET /v2/api-docs HTTP/1.1" 200 1345
192.168.43.23 - - [22/Nov/2018:15:23:39 +0800] "GET /v2/api-docs HTTP/1.1" 200 1345
192.168.43.23 - - [22/Nov/2018:15:30:37 +0800] "GET /v2/api-docs HTTP/1.1" 200 1345
192.168.43.23 - - [22/Nov/2018:15:31:54 +0800] "GET /v2/api-docs HTTP/1.1" 200 1345
192.168.43.23 - - [22/Nov/2018:15:40:26 +0800] "GET /v2/api-docs HTTP/1.1" 200 1345
192.168.43.23 - - [22/Nov/2018:15:40:48 +0800] "GET /v2/api-docs HTTP/1.1" 200 1345
192.168.43.23 - - [22/Nov/2018:16:03:29 +0800] "GET /v2/api-docs HTTP/1.1" 200 1345
192.168.43.23 - - [22/Nov/2018:16:08:04 +0800] "GET /v2/api-docs HTTP/1.1" 200 1345
0:0:0:0:0:0:0:1 - - [22/Nov/2018:16:09:30 +0800] "GET /swagger-resources/configuration/ui HTTP/1.1" 200 280
0:0:0:0:0:0:0:1 - - [22/Nov/2018:16:09:30 +0800] "GET /swagger-resources/configuration/security HTTP/1.1" 200 48
0:0:0:0:0:0:0:1 - - [22/Nov/2018:16:09:30 +0800] "GET /swagger-resources HTTP/1.1" 200 117
0:0:0:0:0:0:0:1 - - [22/Nov/2018:16:09:30 +0800] "GET /v2/api-docs HTTP/1.1" 200 1330
0:0:0:0:0:0:0:1 - - [22/Nov/2018:16:09:30 +0800] "GET / HTTP/1.1" 404 151
0:0:0:0:0:0:0:1 - - [22/Nov/2018:16:09:30 +0800] "GET /csrf HTTP/1.1" 404 154
192.168.43.23 - - [22/Nov/2018:16:09:38 +0800] "GET /v2/api-docs HTTP/1.1" 200 1345
0:0:0:0:0:0:0:1 - - [22/Nov/2018:16:09:57 +0800] "GET / HTTP/1.1" 404 306
0:0:0:0:0:0:0:1 - - [22/Nov/2018:16:09:57 +0800] "GET /favicon.ico HTTP/1.1" 404 159
0:0:0:0:0:0:0:1 - - [22/Nov/2018:16:31:07 +0800] "GET /webjars/springfox-swagger-ui/springfox.css?v=2.9.2 HTTP/1.1" 200 2894
0:0:0:0:0:0:0:1 - - [22/Nov/2018:16:31:07 +0800] "GET /swagger-ui.html HTTP/1.1" 200 1237
0:0:0:0:0:0:0:1 - - [22/Nov/2018:16:31:07 +0800] "GET /webjars/springfox-swagger-ui/swagger-ui-bundle.js?v=2.9.2 HTTP/1.1" 200 1448844
0:0:0:0:0:0:0:1 - - [22/Nov/2018:16:31:08 +0800] "GET /webjars/springfox-swagger-ui/springfox.js?v=2.9.2 HTTP/1.1" 200 96207
0:0:0:0:0:0:0:1 - - [22/Nov/2018:16:31:08 +0800] "GET /webjars/springfox-swagger-ui/swagger-ui.css?v=2.9.2 HTTP/1.1" 200 154488
0:0:0:0:0:0:0:1 - - [22/Nov/2018:16:31:08 +0800] "GET /webjars/springfox-swagger-ui/swagger-ui-standalone-preset.js?v=2.9.2 HTTP/1.1" 200 440850
0:0:0:0:0:0:0:1 - - [22/Nov/2018:16:31:10 +0800] "GET /webjars/springfox-swagger-ui/favicon-32x32.png?v=2.9.2 HTTP/1.1" 200 1141
0:0:0:0:0:0:0:1 - - [22/Nov/2018:16:31:11 +0800] "GET /swagger-resources/configuration/ui HTTP/1.1" 200 280
0:0:0:0:0:0:0:1 - - [22/Nov/2018:16:31:11 +0800] "GET /swagger-resources/configuration/security HTTP/1.1" 200 48
0:0:0:0:0:0:0:1 - - [22/Nov/2018:16:31:11 +0800] "GET /swagger-resources HTTP/1.1" 200 117
0:0:0:0:0:0:0:1 - - [22/Nov/2018:16:31:12 +0800] "GET /webjars/springfox-swagger-ui/fonts/titillium-web-v6-latin-700.woff2 HTTP/1.1" 200 11640
0:0:0:0:0:0:0:1 - - [22/Nov/2018:16:31:13 +0800] "GET / HTTP/1.1" 404 151
0:0:0:0:0:0:0:1 - - [22/Nov/2018:16:31:13 +0800] "GET /csrf HTTP/1.1" 404 154
0:0:0:0:0:0:0:1 - - [22/Nov/2018:16:31:16 +0800] "GET /v2/api-docs HTTP/1.1" 200 1330
0:0:0:0:0:0:0:1 - - [22/Nov/2018:16:31:16 +0800] "GET /webjars/springfox-swagger-ui/fonts/open-sans-v15-latin-regular.woff2 HTTP/1.1" 200 14048
0:0:0:0:0:0:0:1 - - [22/Nov/2018:16:31:16 +0800] "GET /webjars/springfox-swagger-ui/fonts/open-sans-v15-latin-700.woff2 HTTP/1.1" 200 14720
0:0:0:0:0:0:0:1 - - [22/Nov/2018:16:31:16 +0800] "GET /webjars/springfox-swagger-ui/fonts/source-code-pro-v7-latin-300.woff2 HTTP/1.1" 200 13292
192.168.43.23 - - [22/Nov/2018:16:33:12 +0800] "GET /v2/api-docs HTTP/1.1" 200 1345
192.168.43.23 - - [22/Nov/2018:16:35:33 +0800] "GET /v2/api-docs HTTP/1.1" 200 1345
192.168.43.23 - - [22/Nov/2018:16:51:06 +0800] "GET /v2/api-docs HTTP/1.1" 200 1381
192.168.43.23 - - [22/Nov/2018:16:53:21 +0800] "GET /demo/demoFindById/%7Bid%7D HTTP/1.1" 200 76
192.168.43.23 - - [22/Nov/2018:16:53:49 +0800] "GET /demo/demoFindById/%7Bid%7D HTTP/1.1" 200 76
192.168.43.23 - - [22/Nov/2018:16:57:46 +0800] "GET /v2/api-docs HTTP/1.1" 200 1381
192.168.43.23 - - [22/Nov/2018:16:59:16 +0800] "GET /demo/demoFindById/%7Bid%7D HTTP/1.1" 200 76
192.168.43.23 - - [22/Nov/2018:17:01:46 +0800] "GET /v2/api-docs HTTP/1.1" 200 1381
192.168.43.23 - - [22/Nov/2018:17:02:10 +0800] "GET /demo/demoFindById/%7Bid%7D HTTP/1.1" 200 76
192.168.43.23 - - [22/Nov/2018:17:11:04 +0800] "GET /v2/api-docs HTTP/1.1" 200 1372
192.168.43.23 - - [22/Nov/2018:17:11:25 +0800] "GET /demo/demoFindById/%7Bid%7D HTTP/1.1" 200 76
192.168.43.23 - - [22/Nov/2018:17:13:47 +0800] "GET /v2/api-docs HTTP/1.1" 200 1372
192.168.43.23 - - [22/Nov/2018:17:14:04 +0800] "GET /demo/demoFindById/%7Bid%7D HTTP/1.1" 200 76
0:0:0:0:0:0:0:1 - - [22/Nov/2018:17:15:57 +0800] "GET /webjars/springfox-swagger-ui/fonts/source-code-pro-v7-latin-600.woff2 HTTP/1.1" 200 12956
0:0:0:0:0:0:0:1 - - [22/Nov/2018:17:15:59 +0800] "GET /webjars/springfox-swagger-ui/fonts/titillium-web-v6-latin-regular.woff2 HTTP/1.1" 200 12264
0:0:0:0:0:0:0:1 - - [22/Nov/2018:17:16:15 +0800] "GET /swagger-resources/configuration/ui HTTP/1.1" 200 280
0:0:0:0:0:0:0:1 - - [22/Nov/2018:17:16:15 +0800] "GET /swagger-resources/configuration/security HTTP/1.1" 200 48
0:0:0:0:0:0:0:1 - - [22/Nov/2018:17:16:15 +0800] "GET /swagger-resources HTTP/1.1" 200 117
0:0:0:0:0:0:0:1 - - [22/Nov/2018:17:16:15 +0800] "GET /v2/api-docs HTTP/1.1" 200 1360
0:0:0:0:0:0:0:1 - - [22/Nov/2018:17:16:15 +0800] "GET / HTTP/1.1" 404 151
0:0:0:0:0:0:0:1 - - [22/Nov/2018:17:16:15 +0800] "GET /csrf HTTP/1.1" 404 155
0:0:0:0:0:0:0:1 - - [22/Nov/2018:17:16:25 +0800] "GET /demo/demoFindById/%7Bid%7D HTTP/1.1" 200 76
0:0:0:0:0:0:0:1 - - [22/Nov/2018:17:17:17 +0800] "GET /swagger-ui.html HTTP/1.1" 200 1237
0:0:0:0:0:0:0:1 - - [22/Nov/2018:17:17:17 +0800] "GET /webjars/springfox-swagger-ui/springfox.css?v=2.9.2 HTTP/1.1" 200 2894
0:0:0:0:0:0:0:1 - - [22/Nov/2018:17:17:17 +0800] "GET /webjars/springfox-swagger-ui/springfox.js?v=2.9.2 HTTP/1.1" 200 96207
0:0:0:0:0:0:0:1 - - [22/Nov/2018:17:17:17 +0800] "GET /webjars/springfox-swagger-ui/swagger-ui.css?v=2.9.2 HTTP/1.1" 200 154488
0:0:0:0:0:0:0:1 - - [22/Nov/2018:17:17:17 +0800] "GET /webjars/springfox-swagger-ui/swagger-ui-standalone-preset.js?v=2.9.2 HTTP/1.1" 200 440850
0:0:0:0:0:0:0:1 - - [22/Nov/2018:17:17:17 +0800] "GET /webjars/springfox-swagger-ui/swagger-ui-bundle.js?v=2.9.2 HTTP/1.1" 200 1448844
0:0:0:0:0:0:0:1 - - [22/Nov/2018:17:17:17 +0800] "GET /webjars/springfox-swagger-ui/favicon-32x32.png?v=2.9.2 HTTP/1.1" 200 1141
0:0:0:0:0:0:0:1 - - [22/Nov/2018:17:17:17 +0800] "GET /swagger-resources/configuration/ui HTTP/1.1" 200 280
0:0:0:0:0:0:0:1 - - [22/Nov/2018:17:17:17 +0800] "GET /swagger-resources/configuration/security HTTP/1.1" 200 48
0:0:0:0:0:0:0:1 - - [22/Nov/2018:17:17:17 +0800] "GET /swagger-resources HTTP/1.1" 200 117
0:0:0:0:0:0:0:1 - - [22/Nov/2018:17:17:17 +0800] "GET /webjars/springfox-swagger-ui/fonts/titillium-web-v6-latin-700.woff2 HTTP/1.1" 200 11640
0:0:0:0:0:0:0:1 - - [22/Nov/2018:17:17:17 +0800] "GET /webjars/springfox-swagger-ui/fonts/open-sans-v15-latin-regular.woff2 HTTP/1.1" 200 14048
0:0:0:0:0:0:0:1 - - [22/Nov/2018:17:17:17 +0800] "GET / HTTP/1.1" 404 151
0:0:0:0:0:0:0:1 - - [22/Nov/2018:17:17:17 +0800] "GET /csrf HTTP/1.1" 404 155
0:0:0:0:0:0:0:1 - - [22/Nov/2018:17:17:18 +0800] "GET /v2/api-docs HTTP/1.1" 200 1323
0:0:0:0:0:0:0:1 - - [22/Nov/2018:17:17:18 +0800] "GET /webjars/springfox-swagger-ui/fonts/source-code-pro-v7-latin-300.woff2 HTTP/1.1" 200 13292
0:0:0:0:0:0:0:1 - - [22/Nov/2018:17:17:18 +0800] "GET /webjars/springfox-swagger-ui/fonts/open-sans-v15-latin-700.woff2 HTTP/1.1" 200 14720
0:0:0:0:0:0:0:1 - - [22/Nov/2018:17:17:19 +0800] "GET /webjars/springfox-swagger-ui/fonts/source-code-pro-v7-latin-600.woff2 HTTP/1.1" 200 12956
0:0:0:0:0:0:0:1 - - [22/Nov/2018:17:17:19 +0800] "GET /webjars/springfox-swagger-ui/fonts/titillium-web-v6-latin-regular.woff2 HTTP/1.1" 200 12264
0:0:0:0:0:0:0:1 - - [22/Nov/2018:17:17:23 +0800] "GET /demo/demoFindById/%7Bid%7D HTTP/1.1" 200 76
0:0:0:0:0:0:0:1 - - [22/Nov/2018:17:17:23 +0800] "GET /webjars/springfox-swagger-ui/fonts/titillium-web-v6-latin-600.woff2 HTTP/1.1" 200 12148
0:0:0:0:0:0:0:1 - - [22/Nov/2018:17:18:30 +0800] "GET /swagger-ui.html HTTP/1.1" 200 1237
0:0:0:0:0:0:0:1 - - [22/Nov/2018:17:18:30 +0800] "GET /webjars/springfox-swagger-ui/springfox.css?v=2.9.2 HTTP/1.1" 200 2894
0:0:0:0:0:0:0:1 - - [22/Nov/2018:17:18:30 +0800] "GET /webjars/springfox-swagger-ui/springfox.js?v=2.9.2 HTTP/1.1" 200 96207
0:0:0:0:0:0:0:1 - - [22/Nov/2018:17:18:30 +0800] "GET /webjars/springfox-swagger-ui/swagger-ui.css?v=2.9.2 HTTP/1.1" 200 154488
0:0:0:0:0:0:0:1 - - [22/Nov/2018:17:18:30 +0800] "GET /webjars/springfox-swagger-ui/swagger-ui-standalone-preset.js?v=2.9.2 HTTP/1.1" 200 440850
0:0:0:0:0:0:0:1 - - [22/Nov/2018:17:18:30 +0800] "GET /webjars/springfox-swagger-ui/swagger-ui-bundle.js?v=2.9.2 HTTP/1.1" 200 1448844
0:0:0:0:0:0:0:1 - - [22/Nov/2018:17:18:31 +0800] "GET /webjars/springfox-swagger-ui/favicon-32x32.png?v=2.9.2 HTTP/1.1" 200 1141
0:0:0:0:0:0:0:1 - - [22/Nov/2018:17:18:31 +0800] "GET /swagger-resources/configuration/ui HTTP/1.1" 200 280
0:0:0:0:0:0:0:1 - - [22/Nov/2018:17:18:31 +0800] "GET /swagger-resources/configuration/security HTTP/1.1" 200 48
0:0:0:0:0:0:0:1 - - [22/Nov/2018:17:18:31 +0800] "GET /swagger-resources HTTP/1.1" 200 117
0:0:0:0:0:0:0:1 - - [22/Nov/2018:17:18:31 +0800] "GET /webjars/springfox-swagger-ui/fonts/titillium-web-v6-latin-700.woff2 HTTP/1.1" 200 11640
0:0:0:0:0:0:0:1 - - [22/Nov/2018:17:18:31 +0800] "GET /webjars/springfox-swagger-ui/fonts/open-sans-v15-latin-regular.woff2 HTTP/1.1" 200 14048
0:0:0:0:0:0:0:1 - - [22/Nov/2018:17:18:31 +0800] "GET / HTTP/1.1" 404 152
0:0:0:0:0:0:0:1 - - [22/Nov/2018:17:18:31 +0800] "GET /csrf HTTP/1.1" 404 154
0:0:0:0:0:0:0:1 - - [22/Nov/2018:17:18:31 +0800] "GET /v2/api-docs HTTP/1.1" 200 1276
0:0:0:0:0:0:0:1 - - [22/Nov/2018:17:18:31 +0800] "GET /webjars/springfox-swagger-ui/fonts/open-sans-v15-latin-700.woff2 HTTP/1.1" 200 14720
0:0:0:0:0:0:0:1 - - [22/Nov/2018:17:18:31 +0800] "GET /webjars/springfox-swagger-ui/fonts/source-code-pro-v7-latin-600.woff2 HTTP/1.1" 200 12956
0:0:0:0:0:0:0:1 - - [22/Nov/2018:17:18:31 +0800] "GET /webjars/springfox-swagger-ui/fonts/source-code-pro-v7-latin-300.woff2 HTTP/1.1" 200 13292
0:0:0:0:0:0:0:1 - - [22/Nov/2018:17:18:33 +0800] "GET /webjars/springfox-swagger-ui/fonts/titillium-web-v6-latin-regular.woff2 HTTP/1.1" 200 12264
0:0:0:0:0:0:0:1 - - [22/Nov/2018:17:18:36 +0800] "GET /demo/demoFindById/2222 HTTP/1.1" 200 76
0:0:0:0:0:0:0:1 - - [22/Nov/2018:17:18:36 +0800] "GET /webjars/springfox-swagger-ui/fonts/titillium-web-v6-latin-600.woff2 HTTP/1.1" 200 12148
0:0:0:0:0:0:0:1 - - [22/Nov/2018:17:24:44 +0800] "GET /swagger-ui.html HTTP/1.1" 200 1237
0:0:0:0:0:0:0:1 - - [22/Nov/2018:17:24:44 +0800] "GET /webjars/springfox-swagger-ui/swagger-ui.css?v=2.9.2 HTTP/1.1" 200 154488
0:0:0:0:0:0:0:1 - - [22/Nov/2018:17:24:44 +0800] "GET /webjars/springfox-swagger-ui/springfox.css?v=2.9.2 HTTP/1.1" 200 2894
0:0:0:0:0:0:0:1 - - [22/Nov/2018:17:24:44 +0800] "GET /webjars/springfox-swagger-ui/springfox.js?v=2.9.2 HTTP/1.1" 200 96207
0:0:0:0:0:0:0:1 - - [22/Nov/2018:17:24:44 +0800] "GET /webjars/springfox-swagger-ui/swagger-ui-standalone-preset.js?v=2.9.2 HTTP/1.1" 200 440850
0:0:0:0:0:0:0:1 - - [22/Nov/2018:17:24:44 +0800] "GET /webjars/springfox-swagger-ui/swagger-ui-bundle.js?v=2.9.2 HTTP/1.1" 200 1448844
0:0:0:0:0:0:0:1 - - [22/Nov/2018:17:24:44 +0800] "GET /webjars/springfox-swagger-ui/favicon-32x32.png?v=2.9.2 HTTP/1.1" 200 1141
0:0:0:0:0:0:0:1 - - [22/Nov/2018:17:24:44 +0800] "GET /swagger-resources/configuration/ui HTTP/1.1" 200 280
0:0:0:0:0:0:0:1 - - [22/Nov/2018:17:24:45 +0800] "GET /swagger-resources/configuration/security HTTP/1.1" 200 48
0:0:0:0:0:0:0:1 - - [22/Nov/2018:17:24:45 +0800] "GET /swagger-resources HTTP/1.1" 200 117
0:0:0:0:0:0:0:1 - - [22/Nov/2018:17:24:45 +0800] "GET /webjars/springfox-swagger-ui/fonts/open-sans-v15-latin-regular.woff2 HTTP/1.1" 200 14048
0:0:0:0:0:0:0:1 - - [22/Nov/2018:17:24:45 +0800] "GET /webjars/springfox-swagger-ui/fonts/titillium-web-v6-latin-700.woff2 HTTP/1.1" 200 11640
0:0:0:0:0:0:0:1 - - [22/Nov/2018:17:24:45 +0800] "GET / HTTP/1.1" 404 151
0:0:0:0:0:0:0:1 - - [22/Nov/2018:17:24:45 +0800] "GET /csrf HTTP/1.1" 404 154
0:0:0:0:0:0:0:1 - - [22/Nov/2018:17:24:45 +0800] "GET /v2/api-docs HTTP/1.1" 200 1326
0:0:0:0:0:0:0:1 - - [22/Nov/2018:17:24:45 +0800] "GET /webjars/springfox-swagger-ui/fonts/source-code-pro-v7-latin-300.woff2 HTTP/1.1" 200 13292
0:0:0:0:0:0:0:1 - - [22/Nov/2018:17:24:45 +0800] "GET /webjars/springfox-swagger-ui/fonts/open-sans-v15-latin-700.woff2 HTTP/1.1" 200 14720
0:0:0:0:0:0:0:1 - - [22/Nov/2018:17:24:46 +0800] "GET /webjars/springfox-swagger-ui/fonts/source-code-pro-v7-latin-600.woff2 HTTP/1.1" 200 12956
0:0:0:0:0:0:0:1 - - [22/Nov/2018:17:24:48 +0800] "GET /webjars/springfox-swagger-ui/fonts/titillium-web-v6-latin-regular.woff2 HTTP/1.1" 200 12264
0:0:0:0:0:0:0:1 - - [22/Nov/2018:17:24:52 +0800] "GET /demo/demoFindById/2222 HTTP/1.1" 200 76
0:0:0:0:0:0:0:1 - - [22/Nov/2018:17:24:52 +0800] "GET /webjars/springfox-swagger-ui/fonts/titillium-web-v6-latin-600.woff2 HTTP/1.1" 200 12148
192.168.43.23 - - [22/Nov/2018:17:25:03 +0800] "GET /v2/api-docs HTTP/1.1" 200 1340
192.168.43.23 - - [22/Nov/2018:17:25:10 +0800] "GET /demo/demoFindById/3213123 HTTP/1.1" 200 76
192.168.43.23 - - [22/Nov/2018:17:25:18 +0800] "GET /demo/demoFindById/0004781197e94e92a4dadb9171c90865 HTTP/1.1" 200 1721
192.168.43.23 - - [22/Nov/2018:17:30:33 +0800] "GET /v2/api-docs HTTP/1.1" 200 1340
192.168.43.23 - - [22/Nov/2018:17:31:34 +0800] "GET /v2/api-docs HTTP/1.1" 200 1340
192.168.43.23 - - [22/Nov/2018:17:31:39 +0800] "GET /v2/api-docs HTTP/1.1" 200 1340
192.168.43.23 - - [22/Nov/2018:17:31:51 +0800] "GET /demofeign/demoFeignFindById/0004781197e94e92a4dadb9171c90865 HTTP/1.1" 200 1721
192.168.43.23 - - [22/Nov/2018:17:33:11 +0800] "GET /v2/api-docs HTTP/1.1" 200 1340
192.168.43.23 - - [22/Nov/2018:17:33:20 +0800] "GET /demo/demoFindById/0004781197e94e92a4dadb9171c90865 HTTP/1.1" 200 1721
0:0:0:0:0:0:0:1 - - [22/Nov/2018:17:33:47 +0800] "GET /demofeign/demoFeignFindById/0004781197e94e92a4dadb9171c90865 HTTP/1.1" 200 1721
192.168.43.23 - - [22/Nov/2018:17:39:02 +0800] "GET /v2/api-docs HTTP/1.1" 200 1340
192.168.43.23 - - [22/Nov/2018:17:39:21 +0800] "GET /v2/api-docs HTTP/1.1" 200 1340
192.168.43.23 - - [22/Nov/2018:17:39:29 +0800] "GET /demo/demoFindById/0004781197e94e92a4dadb9171c90865 HTTP/1.1" 200 1721
192.168.43.23 - - [22/Nov/2018:17:44:04 +0800] "GET /demo/demoFindById/0004781197e94e92a4dadb9171c90865 HTTP/1.1" 200 1721
