192.168.43.23 - - [21/Nov/2018:16:23:20 +0800] "GET /v1/api-docs HTTP/1.1" 404 -
192.168.43.23 - - [21/Nov/2018:16:23:36 +0800] "GET /v1/api-docs HTTP/1.1" 404 -
192.168.43.23 - - [21/Nov/2018:16:25:33 +0800] "GET /v1/api-docs HTTP/1.1" 404 -
192.168.43.23 - - [21/Nov/2018:16:26:30 +0800] "GET /demo/demoFindById/0c0b1ca9dabb4e54a64285fc6af300a0 HTTP/1.1" 200 76
192.168.43.23 - - [21/Nov/2018:16:26:32 +0800] "GET /demofeign/demoFeignFindById/0c0b1ca9dabb4e54a64285fc6af300a0 HTTP/1.1" 200 76
192.168.43.23 - - [21/Nov/2018:16:26:34 +0800] "POST /demofeign/update HTTP/1.1" 200 74
192.168.43.23 - - [21/Nov/2018:16:27:18 +0800] "GET /v1/api-docs HTTP/1.1" 404 -
192.168.43.23 - - [21/Nov/2018:16:28:48 +0800] "GET /v1/api-docs HTTP/1.1" 404 -
0:0:0:0:0:0:0:1 - - [21/Nov/2018:16:32:24 +0800] "GET / HTTP/1.1" 404 -
0:0:0:0:0:0:0:1 - - [21/Nov/2018:16:32:34 +0800] "GET /swagger-ui.html HTTP/1.1" 404 -
0:0:0:0:0:0:0:1 - - [21/Nov/2018:16:33:03 +0800] "GET /swagger-ui.html HTTP/1.1" 404 -
0:0:0:0:0:0:0:1 - - [21/Nov/2018:16:33:37 +0800] "GET /swagger-ui.html HTTP/1.1" 404 -
0:0:0:0:0:0:0:1 - - [21/Nov/2018:16:43:00 +0800] "GET /swagger-ui.html HTTP/1.1" 404 -
0:0:0:0:0:0:0:1 - - [21/Nov/2018:16:43:19 +0800] "GET /swagger-ui.html HTTP/1.1" 404 -
0:0:0:0:0:0:0:1 - - [21/Nov/2018:16:49:07 +0800] "GET /swagger-ui.html HTTP/1.1" 200 794
0:0:0:0:0:0:0:1 - - [21/Nov/2018:16:49:07 +0800] "GET /webjars/springfox-swagger-ui/css/reset.css HTTP/1.1" 200 773
0:0:0:0:0:0:0:1 - - [21/Nov/2018:16:49:07 +0800] "GET /webjars/springfox-swagger-ui/lib/jquery.slideto.min.js HTTP/1.1" 200 365
0:0:0:0:0:0:0:1 - - [21/Nov/2018:16:49:07 +0800] "GET /webjars/springfox-swagger-ui/css/typography.css HTTP/1.1" 200 -
0:0:0:0:0:0:0:1 - - [21/Nov/2018:16:49:07 +0800] "GET /webjars/springfox-swagger-ui/css/screen.css HTTP/1.1" 200 43644
0:0:0:0:0:0:0:1 - - [21/Nov/2018:16:49:07 +0800] "GET /webjars/springfox-swagger-ui/lib/jquery.wiggle.min.js HTTP/1.1" 200 536
0:0:0:0:0:0:0:1 - - [21/Nov/2018:16:49:07 +0800] "GET /webjars/springfox-swagger-ui/lib/jquery.ba-bbq.min.js HTTP/1.1" 200 3518
0:0:0:0:0:0:0:1 - - [21/Nov/2018:16:49:07 +0800] "GET /webjars/springfox-swagger-ui/lib/object-assign-pollyfill.js HTTP/1.1" 200 349
0:0:0:0:0:0:0:1 - - [21/Nov/2018:16:49:07 +0800] "GET /webjars/springfox-swagger-ui/lib/jquery-1.8.0.min.js HTTP/1.1" 200 92032
0:0:0:0:0:0:0:1 - - [21/Nov/2018:16:49:08 +0800] "GET /webjars/springfox-swagger-ui/lib/handlebars-4.0.5.js HTTP/1.1" 200 71504
0:0:0:0:0:0:0:1 - - [21/Nov/2018:16:49:08 +0800] "GET /webjars/springfox-swagger-ui/lib/lodash.min.js HTTP/1.1" 200 51894
0:0:0:0:0:0:0:1 - - [21/Nov/2018:16:49:08 +0800] "GET /webjars/springfox-swagger-ui/lib/highlight.9.1.0.pack_extended.js HTTP/1.1" 200 310
0:0:0:0:0:0:0:1 - - [21/Nov/2018:16:49:08 +0800] "GET /webjars/springfox-swagger-ui/lib/highlight.9.1.0.pack.js HTTP/1.1" 200 10962
0:0:0:0:0:0:0:1 - - [21/Nov/2018:16:49:08 +0800] "GET /webjars/springfox-swagger-ui/lib/backbone-min.js HTTP/1.1" 200 19371
0:0:0:0:0:0:0:1 - - [21/Nov/2018:16:49:08 +0800] "GET /webjars/springfox-swagger-ui/lib/marked.js HTTP/1.1" 200 15724
0:0:0:0:0:0:0:1 - - [21/Nov/2018:16:49:08 +0800] "GET /webjars/springfox-swagger-ui/images/logo_small.png HTTP/1.1" 200 455
0:0:0:0:0:0:0:1 - - [21/Nov/2018:16:49:08 +0800] "GET /webjars/springfox-swagger-ui/lib/jsoneditor.min.js HTTP/1.1" 200 129835
0:0:0:0:0:0:0:1 - - [21/Nov/2018:16:49:08 +0800] "GET /webjars/springfox-swagger-ui/lib/swagger-oauth.js HTTP/1.1" 200 7042
0:0:0:0:0:0:0:1 - - [21/Nov/2018:16:49:08 +0800] "GET /webjars/springfox-swagger-ui/swagger-ui.min.js HTTP/1.1" 200 453076
0:0:0:0:0:0:0:1 - - [21/Nov/2018:16:49:08 +0800] "GET /webjars/springfox-swagger-ui/springfox.js HTTP/1.1" 200 4475
0:0:0:0:0:0:0:1 - - [21/Nov/2018:16:49:08 +0800] "GET /webjars/springfox-swagger-ui/css/print.css HTTP/1.1" 200 41666
0:0:0:0:0:0:0:1 - - [21/Nov/2018:16:49:08 +0800] "GET /webjars/springfox-swagger-ui/images/favicon-32x32.png HTTP/1.1" 200 1141
0:0:0:0:0:0:0:1 - - [21/Nov/2018:16:49:08 +0800] "GET /webjars/springfox-swagger-ui/images/favicon-16x16.png HTTP/1.1" 200 445
0:0:0:0:0:0:0:1 - - [21/Nov/2018:16:49:08 +0800] "GET /swagger-resources/configuration/ui HTTP/1.1" 200 186
0:0:0:0:0:0:0:1 - - [21/Nov/2018:16:49:08 +0800] "GET /swagger-resources HTTP/1.1" 200 110
0:0:0:0:0:0:0:1 - - [21/Nov/2018:16:49:08 +0800] "GET /v2/api-docs HTTP/1.1" 200 1270
0:0:0:0:0:0:0:1 - - [21/Nov/2018:16:49:08 +0800] "GET /swagger-resources/configuration/security HTTP/1.1" 200 107
0:0:0:0:0:0:0:1 - - [21/Nov/2018:16:50:05 +0800] "GET /webjars/springfox-swagger-ui/images/throbber.gif HTTP/1.1" 200 9257
0:0:0:0:0:0:0:1 - - [21/Nov/2018:20:45:35 +0800] "GET /swagger-resources/configuration/ui HTTP/1.1" 200 186
0:0:0:0:0:0:0:1 - - [21/Nov/2018:20:45:35 +0800] "GET /swagger-resources HTTP/1.1" 200 110
0:0:0:0:0:0:0:1 - - [21/Nov/2018:20:45:35 +0800] "GET /v2/api-docs HTTP/1.1" 200 1151
0:0:0:0:0:0:0:1 - - [21/Nov/2018:20:45:36 +0800] "GET /swagger-resources/configuration/security HTTP/1.1" 200 107
0:0:0:0:0:0:0:1 - - [21/Nov/2018:20:47:15 +0800] "GET /swagger-ui.html HTTP/1.1" 200 794
0:0:0:0:0:0:0:1 - - [21/Nov/2018:20:47:15 +0800] "GET /webjars/springfox-swagger-ui/css/typography.css HTTP/1.1" 200 -
0:0:0:0:0:0:0:1 - - [21/Nov/2018:20:47:15 +0800] "GET /webjars/springfox-swagger-ui/lib/jquery.slideto.min.js HTTP/1.1" 200 365
0:0:0:0:0:0:0:1 - - [21/Nov/2018:20:47:15 +0800] "GET /webjars/springfox-swagger-ui/lib/object-assign-pollyfill.js HTTP/1.1" 200 349
0:0:0:0:0:0:0:1 - - [21/Nov/2018:20:47:15 +0800] "GET /webjars/springfox-swagger-ui/css/reset.css HTTP/1.1" 200 773
0:0:0:0:0:0:0:1 - - [21/Nov/2018:20:47:15 +0800] "GET /webjars/springfox-swagger-ui/css/screen.css HTTP/1.1" 200 43644
0:0:0:0:0:0:0:1 - - [21/Nov/2018:20:47:15 +0800] "GET /webjars/springfox-swagger-ui/lib/jquery-1.8.0.min.js HTTP/1.1" 200 92032
0:0:0:0:0:0:0:1 - - [21/Nov/2018:20:47:15 +0800] "GET /webjars/springfox-swagger-ui/lib/jquery.wiggle.min.js HTTP/1.1" 200 536
0:0:0:0:0:0:0:1 - - [21/Nov/2018:20:47:15 +0800] "GET /webjars/springfox-swagger-ui/lib/jquery.ba-bbq.min.js HTTP/1.1" 200 3518
0:0:0:0:0:0:0:1 - - [21/Nov/2018:20:47:16 +0800] "GET /webjars/springfox-swagger-ui/lib/lodash.min.js HTTP/1.1" 200 51894
0:0:0:0:0:0:0:1 - - [21/Nov/2018:20:47:16 +0800] "GET /webjars/springfox-swagger-ui/lib/handlebars-4.0.5.js HTTP/1.1" 200 71504
0:0:0:0:0:0:0:1 - - [21/Nov/2018:20:47:16 +0800] "GET /webjars/springfox-swagger-ui/swagger-ui.min.js HTTP/1.1" 200 453076
0:0:0:0:0:0:0:1 - - [21/Nov/2018:20:47:16 +0800] "GET /webjars/springfox-swagger-ui/lib/highlight.9.1.0.pack_extended.js HTTP/1.1" 200 310
0:0:0:0:0:0:0:1 - - [21/Nov/2018:20:47:16 +0800] "GET /webjars/springfox-swagger-ui/lib/highlight.9.1.0.pack.js HTTP/1.1" 200 10962
0:0:0:0:0:0:0:1 - - [21/Nov/2018:20:47:16 +0800] "GET /webjars/springfox-swagger-ui/lib/marked.js HTTP/1.1" 200 15724
0:0:0:0:0:0:0:1 - - [21/Nov/2018:20:47:16 +0800] "GET /webjars/springfox-swagger-ui/lib/jsoneditor.min.js HTTP/1.1" 200 129835
0:0:0:0:0:0:0:1 - - [21/Nov/2018:20:47:16 +0800] "GET /webjars/springfox-swagger-ui/lib/backbone-min.js HTTP/1.1" 200 19371
0:0:0:0:0:0:0:1 - - [21/Nov/2018:20:47:16 +0800] "GET /webjars/springfox-swagger-ui/springfox.js HTTP/1.1" 200 4475
0:0:0:0:0:0:0:1 - - [21/Nov/2018:20:47:16 +0800] "GET /webjars/springfox-swagger-ui/images/logo_small.png HTTP/1.1" 200 455
0:0:0:0:0:0:0:1 - - [21/Nov/2018:20:47:16 +0800] "GET /webjars/springfox-swagger-ui/lib/swagger-oauth.js HTTP/1.1" 200 7042
0:0:0:0:0:0:0:1 - - [21/Nov/2018:20:47:16 +0800] "GET /webjars/springfox-swagger-ui/css/print.css HTTP/1.1" 200 41666
0:0:0:0:0:0:0:1 - - [21/Nov/2018:20:47:16 +0800] "GET /webjars/springfox-swagger-ui/images/favicon-32x32.png HTTP/1.1" 200 1141
0:0:0:0:0:0:0:1 - - [21/Nov/2018:20:47:16 +0800] "GET /swagger-resources/configuration/ui HTTP/1.1" 200 186
0:0:0:0:0:0:0:1 - - [21/Nov/2018:20:47:16 +0800] "GET /swagger-resources HTTP/1.1" 200 110
0:0:0:0:0:0:0:1 - - [21/Nov/2018:20:47:16 +0800] "GET /v2/api-docs HTTP/1.1" 200 1151
0:0:0:0:0:0:0:1 - - [21/Nov/2018:20:47:16 +0800] "GET /swagger-resources/configuration/security HTTP/1.1" 200 107
0:0:0:0:0:0:0:1 - - [21/Nov/2018:20:48:41 +0800] "POST /demofeign/update HTTP/1.1" 200 -
0:0:0:0:0:0:0:1 - - [21/Nov/2018:22:18:41 +0800] "GET /swagger-resources/configuration/ui HTTP/1.1" 200 -
0:0:0:0:0:0:0:1 - - [21/Nov/2018:22:18:59 +0800] "GET /swagger-ui.html HTTP/1.1" 200 794
0:0:0:0:0:0:0:1 - - [21/Nov/2018:22:18:59 +0800] "GET /webjars/springfox-swagger-ui/css/typography.css HTTP/1.1" 200 -
0:0:0:0:0:0:0:1 - - [21/Nov/2018:22:18:59 +0800] "GET /webjars/springfox-swagger-ui/css/reset.css HTTP/1.1" 200 773
0:0:0:0:0:0:0:1 - - [21/Nov/2018:22:18:59 +0800] "GET /webjars/springfox-swagger-ui/lib/object-assign-pollyfill.js HTTP/1.1" 200 349
0:0:0:0:0:0:0:1 - - [21/Nov/2018:22:18:59 +0800] "GET /webjars/springfox-swagger-ui/css/screen.css HTTP/1.1" 200 43644
0:0:0:0:0:0:0:1 - - [21/Nov/2018:22:18:59 +0800] "GET /webjars/springfox-swagger-ui/lib/jquery.wiggle.min.js HTTP/1.1" 200 536
0:0:0:0:0:0:0:1 - - [21/Nov/2018:22:18:59 +0800] "GET /webjars/springfox-swagger-ui/lib/jquery-1.8.0.min.js HTTP/1.1" 200 92032
0:0:0:0:0:0:0:1 - - [21/Nov/2018:22:18:59 +0800] "GET /webjars/springfox-swagger-ui/lib/jquery.slideto.min.js HTTP/1.1" 200 365
0:0:0:0:0:0:0:1 - - [21/Nov/2018:22:18:59 +0800] "GET /webjars/springfox-swagger-ui/lib/jquery.ba-bbq.min.js HTTP/1.1" 200 3518
0:0:0:0:0:0:0:1 - - [21/Nov/2018:22:18:59 +0800] "GET /webjars/springfox-swagger-ui/lib/handlebars-4.0.5.js HTTP/1.1" 200 71504
0:0:0:0:0:0:0:1 - - [21/Nov/2018:22:18:59 +0800] "GET /webjars/springfox-swagger-ui/lib/lodash.min.js HTTP/1.1" 200 51894
0:0:0:0:0:0:0:1 - - [21/Nov/2018:22:18:59 +0800] "GET /webjars/springfox-swagger-ui/lib/backbone-min.js HTTP/1.1" 200 19371
0:0:0:0:0:0:0:1 - - [21/Nov/2018:22:18:59 +0800] "GET /webjars/springfox-swagger-ui/lib/highlight.9.1.0.pack.js HTTP/1.1" 200 10962
0:0:0:0:0:0:0:1 - - [21/Nov/2018:22:18:59 +0800] "GET /webjars/springfox-swagger-ui/lib/highlight.9.1.0.pack_extended.js HTTP/1.1" 200 310
0:0:0:0:0:0:0:1 - - [21/Nov/2018:22:18:59 +0800] "GET /webjars/springfox-swagger-ui/lib/jsoneditor.min.js HTTP/1.1" 200 129835
0:0:0:0:0:0:0:1 - - [21/Nov/2018:22:18:59 +0800] "GET /webjars/springfox-swagger-ui/lib/marked.js HTTP/1.1" 200 15724
0:0:0:0:0:0:0:1 - - [21/Nov/2018:22:18:59 +0800] "GET /webjars/springfox-swagger-ui/lib/swagger-oauth.js HTTP/1.1" 200 7042
0:0:0:0:0:0:0:1 - - [21/Nov/2018:22:18:59 +0800] "GET /webjars/springfox-swagger-ui/springfox.js HTTP/1.1" 200 4475
0:0:0:0:0:0:0:1 - - [21/Nov/2018:22:18:59 +0800] "GET /webjars/springfox-swagger-ui/images/logo_small.png HTTP/1.1" 200 455
0:0:0:0:0:0:0:1 - - [21/Nov/2018:22:18:59 +0800] "GET /webjars/springfox-swagger-ui/swagger-ui.min.js HTTP/1.1" 200 453076
0:0:0:0:0:0:0:1 - - [21/Nov/2018:22:18:59 +0800] "GET /webjars/springfox-swagger-ui/css/print.css HTTP/1.1" 200 41666
0:0:0:0:0:0:0:1 - - [21/Nov/2018:22:19:00 +0800] "GET /swagger-resources/configuration/ui HTTP/1.1" 200 -
0:0:0:0:0:0:0:1 - - [21/Nov/2018:22:19:00 +0800] "GET /webjars/springfox-swagger-ui/images/favicon-32x32.png HTTP/1.1" 200 1141
0:0:0:0:0:0:0:1 - - [21/Nov/2018:22:19:03 +0800] "GET / HTTP/1.1" 404 -
0:0:0:0:0:0:0:1 - - [21/Nov/2018:22:19:10 +0800] "GET /swagger-resources/configuration/ui HTTP/1.1" 200 -
0:0:0:0:0:0:0:1 - - [21/Nov/2018:22:19:31 +0800] "GET /swagger-ui.html HTTP/1.1" 304 -
0:0:0:0:0:0:0:1 - - [21/Nov/2018:22:19:31 +0800] "GET /swagger-resources/configuration/ui HTTP/1.1" 200 -
0:0:0:0:0:0:0:1 - - [21/Nov/2018:22:20:34 +0800] "GET /swagger-ui.html HTTP/1.1" 200 794
0:0:0:0:0:0:0:1 - - [21/Nov/2018:22:20:34 +0800] "GET /webjars/springfox-swagger-ui/css/typography.css HTTP/1.1" 200 -
0:0:0:0:0:0:0:1 - - [21/Nov/2018:22:20:34 +0800] "GET /webjars/springfox-swagger-ui/lib/object-assign-pollyfill.js HTTP/1.1" 200 349
0:0:0:0:0:0:0:1 - - [21/Nov/2018:22:20:34 +0800] "GET /webjars/springfox-swagger-ui/css/screen.css HTTP/1.1" 200 43644
0:0:0:0:0:0:0:1 - - [21/Nov/2018:22:20:34 +0800] "GET /webjars/springfox-swagger-ui/css/reset.css HTTP/1.1" 200 773
0:0:0:0:0:0:0:1 - - [21/Nov/2018:22:20:34 +0800] "GET /webjars/springfox-swagger-ui/lib/jquery-1.8.0.min.js HTTP/1.1" 200 92032
0:0:0:0:0:0:0:1 - - [21/Nov/2018:22:20:34 +0800] "GET /webjars/springfox-swagger-ui/lib/jquery.slideto.min.js HTTP/1.1" 200 365
0:0:0:0:0:0:0:1 - - [21/Nov/2018:22:20:34 +0800] "GET /webjars/springfox-swagger-ui/lib/jquery.wiggle.min.js HTTP/1.1" 200 536
0:0:0:0:0:0:0:1 - - [21/Nov/2018:22:20:34 +0800] "GET /webjars/springfox-swagger-ui/lib/jquery.ba-bbq.min.js HTTP/1.1" 200 3518
0:0:0:0:0:0:0:1 - - [21/Nov/2018:22:20:34 +0800] "GET /webjars/springfox-swagger-ui/lib/highlight.9.1.0.pack.js HTTP/1.1" 200 10962
0:0:0:0:0:0:0:1 - - [21/Nov/2018:22:20:34 +0800] "GET /webjars/springfox-swagger-ui/lib/lodash.min.js HTTP/1.1" 200 51894
0:0:0:0:0:0:0:1 - - [21/Nov/2018:22:20:34 +0800] "GET /webjars/springfox-swagger-ui/lib/backbone-min.js HTTP/1.1" 200 19371
0:0:0:0:0:0:0:1 - - [21/Nov/2018:22:20:34 +0800] "GET /webjars/springfox-swagger-ui/lib/handlebars-4.0.5.js HTTP/1.1" 200 71504
0:0:0:0:0:0:0:1 - - [21/Nov/2018:22:20:34 +0800] "GET /webjars/springfox-swagger-ui/lib/highlight.9.1.0.pack_extended.js HTTP/1.1" 200 310
0:0:0:0:0:0:0:1 - - [21/Nov/2018:22:20:34 +0800] "GET /webjars/springfox-swagger-ui/lib/marked.js HTTP/1.1" 200 15724
0:0:0:0:0:0:0:1 - - [21/Nov/2018:22:20:34 +0800] "GET /webjars/springfox-swagger-ui/swagger-ui.min.js HTTP/1.1" 200 453076
0:0:0:0:0:0:0:1 - - [21/Nov/2018:22:20:34 +0800] "GET /webjars/springfox-swagger-ui/lib/jsoneditor.min.js HTTP/1.1" 200 129835
0:0:0:0:0:0:0:1 - - [21/Nov/2018:22:20:34 +0800] "GET /webjars/springfox-swagger-ui/lib/swagger-oauth.js HTTP/1.1" 200 7042
0:0:0:0:0:0:0:1 - - [21/Nov/2018:22:20:34 +0800] "GET /webjars/springfox-swagger-ui/images/logo_small.png HTTP/1.1" 200 455
0:0:0:0:0:0:0:1 - - [21/Nov/2018:22:20:34 +0800] "GET /webjars/springfox-swagger-ui/springfox.js HTTP/1.1" 200 4475
0:0:0:0:0:0:0:1 - - [21/Nov/2018:22:20:34 +0800] "GET /webjars/springfox-swagger-ui/css/print.css HTTP/1.1" 200 41666
0:0:0:0:0:0:0:1 - - [21/Nov/2018:22:20:35 +0800] "GET /webjars/springfox-swagger-ui/images/favicon-32x32.png HTTP/1.1" 200 1141
0:0:0:0:0:0:0:1 - - [21/Nov/2018:22:20:35 +0800] "GET /swagger-resources/configuration/ui HTTP/1.1" 200 186
0:0:0:0:0:0:0:1 - - [21/Nov/2018:22:20:35 +0800] "GET /swagger-resources HTTP/1.1" 200 110
0:0:0:0:0:0:0:1 - - [21/Nov/2018:22:20:35 +0800] "GET /v2/api-docs HTTP/1.1" 200 1151
0:0:0:0:0:0:0:1 - - [21/Nov/2018:22:20:35 +0800] "GET /swagger-resources/configuration/security HTTP/1.1" 200 107
0:0:0:0:0:0:0:1 - - [21/Nov/2018:22:21:22 +0800] "GET /swagger-ui.html HTTP/1.1" 200 794
0:0:0:0:0:0:0:1 - - [21/Nov/2018:22:21:33 +0800] "GET /webjars/springfox-swagger-ui/css/typography.css HTTP/1.1" 200 -
0:0:0:0:0:0:0:1 - - [21/Nov/2018:22:21:39 +0800] "GET /webjars/springfox-swagger-ui/lib/jquery.wiggle.min.js HTTP/1.1" 200 536
0:0:0:0:0:0:0:1 - - [21/Nov/2018:22:21:43 +0800] "GET /webjars/springfox-swagger-ui/lib/jquery.ba-bbq.min.js HTTP/1.1" 200 3518
0:0:0:0:0:0:0:1 - - [21/Nov/2018:22:21:52 +0800] "GET /webjars/springfox-swagger-ui/lib/jquery-1.8.0.min.js HTTP/1.1" 200 92032
0:0:0:0:0:0:0:1 - - [21/Nov/2018:22:21:52 +0800] "GET /webjars/springfox-swagger-ui/css/screen.css HTTP/1.1" 200 43644
0:0:0:0:0:0:0:1 - - [21/Nov/2018:22:21:53 +0800] "GET /webjars/springfox-swagger-ui/css/reset.css HTTP/1.1" 200 773
0:0:0:0:0:0:0:1 - - [21/Nov/2018:22:21:54 +0800] "GET /webjars/springfox-swagger-ui/lib/jquery.slideto.min.js HTTP/1.1" 200 365
0:0:0:0:0:0:0:1 - - [21/Nov/2018:22:21:54 +0800] "GET /webjars/springfox-swagger-ui/lib/object-assign-pollyfill.js HTTP/1.1" 200 349
0:0:0:0:0:0:0:1 - - [21/Nov/2018:22:21:55 +0800] "GET /webjars/springfox-swagger-ui/lib/handlebars-4.0.5.js HTTP/1.1" 200 71504
0:0:0:0:0:0:0:1 - - [21/Nov/2018:22:21:56 +0800] "GET /webjars/springfox-swagger-ui/lib/jsoneditor.min.js HTTP/1.1" 200 129835
0:0:0:0:0:0:0:1 - - [21/Nov/2018:22:21:56 +0800] "GET /webjars/springfox-swagger-ui/lib/marked.js HTTP/1.1" 200 15724
0:0:0:0:0:0:0:1 - - [21/Nov/2018:22:21:56 +0800] "GET /webjars/springfox-swagger-ui/lib/lodash.min.js HTTP/1.1" 200 51894
0:0:0:0:0:0:0:1 - - [21/Nov/2018:22:21:57 +0800] "GET /webjars/springfox-swagger-ui/lib/backbone-min.js HTTP/1.1" 200 19371
0:0:0:0:0:0:0:1 - - [21/Nov/2018:22:21:57 +0800] "GET /webjars/springfox-swagger-ui/swagger-ui.min.js HTTP/1.1" 200 453076
0:0:0:0:0:0:0:1 - - [21/Nov/2018:22:21:57 +0800] "GET /webjars/springfox-swagger-ui/lib/highlight.9.1.0.pack.js HTTP/1.1" 200 10962
0:0:0:0:0:0:0:1 - - [21/Nov/2018:22:21:57 +0800] "GET /webjars/springfox-swagger-ui/lib/highlight.9.1.0.pack_extended.js HTTP/1.1" 200 310
0:0:0:0:0:0:0:1 - - [21/Nov/2018:22:21:57 +0800] "GET /webjars/springfox-swagger-ui/lib/swagger-oauth.js HTTP/1.1" 200 7042
0:0:0:0:0:0:0:1 - - [21/Nov/2018:22:21:58 +0800] "GET /webjars/springfox-swagger-ui/springfox.js HTTP/1.1" 200 4475
0:0:0:0:0:0:0:1 - - [21/Nov/2018:22:21:58 +0800] "GET /webjars/springfox-swagger-ui/images/logo_small.png HTTP/1.1" 200 455
0:0:0:0:0:0:0:1 - - [21/Nov/2018:22:21:58 +0800] "GET /webjars/springfox-swagger-ui/css/print.css HTTP/1.1" 200 41666
0:0:0:0:0:0:0:1 - - [21/Nov/2018:22:21:59 +0800] "GET /swagger-resources/configuration/ui HTTP/1.1" 200 186
0:0:0:0:0:0:0:1 - - [21/Nov/2018:22:21:59 +0800] "GET /webjars/springfox-swagger-ui/images/favicon-32x32.png HTTP/1.1" 200 1141
0:0:0:0:0:0:0:1 - - [21/Nov/2018:22:21:59 +0800] "GET /swagger-resources HTTP/1.1" 200 110
0:0:0:0:0:0:0:1 - - [21/Nov/2018:22:21:59 +0800] "GET /v2/api-docs HTTP/1.1" 200 1151
0:0:0:0:0:0:0:1 - - [21/Nov/2018:22:22:00 +0800] "GET /swagger-resources/configuration/security HTTP/1.1" 200 107
0:0:0:0:0:0:0:1 - - [21/Nov/2018:22:22:30 +0800] "GET /swagger-resources/configuration/ui HTTP/1.1" 200 186
0:0:0:0:0:0:0:1 - - [21/Nov/2018:22:22:31 +0800] "GET /swagger-resources HTTP/1.1" 200 110
0:0:0:0:0:0:0:1 - - [21/Nov/2018:22:22:31 +0800] "GET /v2/api-docs HTTP/1.1" 200 1151
0:0:0:0:0:0:0:1 - - [21/Nov/2018:22:22:31 +0800] "GET /swagger-resources/configuration/security HTTP/1.1" 200 107
0:0:0:0:0:0:0:1 - - [21/Nov/2018:22:24:58 +0800] "GET /swagger-ui.html HTTP/1.1" 500 -
0:0:0:0:0:0:0:1 - - [21/Nov/2018:22:25:25 +0800] "GET /swagger-ui.html HTTP/1.1" 500 -
0:0:0:0:0:0:0:1 - - [21/Nov/2018:22:26:47 +0800] "GET /swagger-ui.html HTTP/1.1" 401 -
0:0:0:0:0:0:0:1 - - [21/Nov/2018:22:28:07 +0800] "GET /swagger-ui.html HTTP/1.1" 200 794
0:0:0:0:0:0:0:1 - - [21/Nov/2018:22:28:08 +0800] "GET /webjars/springfox-swagger-ui/css/reset.css HTTP/1.1" 200 773
0:0:0:0:0:0:0:1 - - [21/Nov/2018:22:28:09 +0800] "GET /webjars/springfox-swagger-ui/css/typography.css HTTP/1.1" 200 -
0:0:0:0:0:0:0:1 - - [21/Nov/2018:22:28:09 +0800] "GET /webjars/springfox-swagger-ui/css/screen.css HTTP/1.1" 200 43644
0:0:0:0:0:0:0:1 - - [21/Nov/2018:22:28:10 +0800] "GET /webjars/springfox-swagger-ui/lib/jquery.slideto.min.js HTTP/1.1" 200 365
0:0:0:0:0:0:0:1 - - [21/Nov/2018:22:28:10 +0800] "GET /webjars/springfox-swagger-ui/lib/jquery-1.8.0.min.js HTTP/1.1" 200 92032
0:0:0:0:0:0:0:1 - - [21/Nov/2018:22:28:10 +0800] "GET /webjars/springfox-swagger-ui/lib/object-assign-pollyfill.js HTTP/1.1" 200 349
0:0:0:0:0:0:0:1 - - [21/Nov/2018:22:28:11 +0800] "GET /webjars/springfox-swagger-ui/lib/jquery.wiggle.min.js HTTP/1.1" 200 536
0:0:0:0:0:0:0:1 - - [21/Nov/2018:22:28:11 +0800] "GET /webjars/springfox-swagger-ui/lib/jquery.ba-bbq.min.js HTTP/1.1" 200 3518
0:0:0:0:0:0:0:1 - - [21/Nov/2018:22:28:11 +0800] "GET /webjars/springfox-swagger-ui/lib/handlebars-4.0.5.js HTTP/1.1" 200 71504
0:0:0:0:0:0:0:1 - - [21/Nov/2018:22:28:11 +0800] "GET /webjars/springfox-swagger-ui/lib/jsoneditor.min.js HTTP/1.1" 200 129835
0:0:0:0:0:0:0:1 - - [21/Nov/2018:22:28:12 +0800] "GET /webjars/springfox-swagger-ui/lib/lodash.min.js HTTP/1.1" 200 51894
0:0:0:0:0:0:0:1 - - [21/Nov/2018:22:28:12 +0800] "GET /webjars/springfox-swagger-ui/lib/swagger-oauth.js HTTP/1.1" 200 7042
0:0:0:0:0:0:0:1 - - [21/Nov/2018:22:28:12 +0800] "GET /webjars/springfox-swagger-ui/lib/backbone-min.js HTTP/1.1" 200 19371
0:0:0:0:0:0:0:1 - - [21/Nov/2018:22:28:12 +0800] "GET /webjars/springfox-swagger-ui/swagger-ui.min.js HTTP/1.1" 200 453076
0:0:0:0:0:0:0:1 - - [21/Nov/2018:22:28:14 +0800] "GET /webjars/springfox-swagger-ui/lib/highlight.9.1.0.pack.js HTTP/1.1" 200 10962
0:0:0:0:0:0:0:1 - - [21/Nov/2018:22:28:15 +0800] "GET /webjars/springfox-swagger-ui/lib/highlight.9.1.0.pack_extended.js HTTP/1.1" 200 310
0:0:0:0:0:0:0:1 - - [21/Nov/2018:22:28:16 +0800] "GET /webjars/springfox-swagger-ui/lib/marked.js HTTP/1.1" 200 15724
0:0:0:0:0:0:0:1 - - [21/Nov/2018:22:28:16 +0800] "GET /webjars/springfox-swagger-ui/springfox.js HTTP/1.1" 200 4475
0:0:0:0:0:0:0:1 - - [21/Nov/2018:22:28:16 +0800] "GET /swagger-resources/configuration/ui HTTP/1.1" 200 186
0:0:0:0:0:0:0:1 - - [21/Nov/2018:22:28:16 +0800] "GET /swagger-resources HTTP/1.1" 200 110
0:0:0:0:0:0:0:1 - - [21/Nov/2018:22:28:16 +0800] "GET /v2/api-docs HTTP/1.1" 200 1151
0:0:0:0:0:0:0:1 - - [21/Nov/2018:22:28:16 +0800] "GET /webjars/springfox-swagger-ui/images/logo_small.png HTTP/1.1" 200 455
0:0:0:0:0:0:0:1 - - [21/Nov/2018:22:28:16 +0800] "GET /webjars/springfox-swagger-ui/css/print.css HTTP/1.1" 200 41666
0:0:0:0:0:0:0:1 - - [21/Nov/2018:22:28:16 +0800] "GET /swagger-resources/configuration/security HTTP/1.1" 200 107
0:0:0:0:0:0:0:1 - - [21/Nov/2018:22:28:16 +0800] "GET /webjars/springfox-swagger-ui/images/favicon-32x32.png HTTP/1.1" 200 1141
0:0:0:0:0:0:0:1 - - [21/Nov/2018:22:28:25 +0800] "GET /swagger-ui.html HTTP/1.1" 200 794
0:0:0:0:0:0:0:1 - - [21/Nov/2018:22:28:25 +0800] "GET /webjars/springfox-swagger-ui/css/typography.css HTTP/1.1" 200 -
0:0:0:0:0:0:0:1 - - [21/Nov/2018:22:28:25 +0800] "GET /webjars/springfox-swagger-ui/css/reset.css HTTP/1.1" 200 773
0:0:0:0:0:0:0:1 - - [21/Nov/2018:22:28:25 +0800] "GET /webjars/springfox-swagger-ui/css/screen.css HTTP/1.1" 200 43644
0:0:0:0:0:0:0:1 - - [21/Nov/2018:22:28:25 +0800] "GET /webjars/springfox-swagger-ui/lib/object-assign-pollyfill.js HTTP/1.1" 200 349
0:0:0:0:0:0:0:1 - - [21/Nov/2018:22:28:25 +0800] "GET /webjars/springfox-swagger-ui/lib/jquery-1.8.0.min.js HTTP/1.1" 200 92032
0:0:0:0:0:0:0:1 - - [21/Nov/2018:22:28:25 +0800] "GET /webjars/springfox-swagger-ui/lib/jquery.slideto.min.js HTTP/1.1" 200 365
0:0:0:0:0:0:0:1 - - [21/Nov/2018:22:28:25 +0800] "GET /webjars/springfox-swagger-ui/lib/jquery.wiggle.min.js HTTP/1.1" 200 536
0:0:0:0:0:0:0:1 - - [21/Nov/2018:22:28:25 +0800] "GET /webjars/springfox-swagger-ui/lib/jquery.ba-bbq.min.js HTTP/1.1" 200 3518
0:0:0:0:0:0:0:1 - - [21/Nov/2018:22:28:25 +0800] "GET /webjars/springfox-swagger-ui/lib/handlebars-4.0.5.js HTTP/1.1" 200 71504
0:0:0:0:0:0:0:1 - - [21/Nov/2018:22:28:26 +0800] "GET /webjars/springfox-swagger-ui/lib/highlight.9.1.0.pack_extended.js HTTP/1.1" 200 310
0:0:0:0:0:0:0:1 - - [21/Nov/2018:22:28:26 +0800] "GET /webjars/springfox-swagger-ui/lib/lodash.min.js HTTP/1.1" 200 51894
0:0:0:0:0:0:0:1 - - [21/Nov/2018:22:28:26 +0800] "GET /webjars/springfox-swagger-ui/lib/highlight.9.1.0.pack.js HTTP/1.1" 200 10962
0:0:0:0:0:0:0:1 - - [21/Nov/2018:22:28:26 +0800] "GET /webjars/springfox-swagger-ui/lib/backbone-min.js HTTP/1.1" 200 19371
0:0:0:0:0:0:0:1 - - [21/Nov/2018:22:28:26 +0800] "GET /webjars/springfox-swagger-ui/lib/marked.js HTTP/1.1" 200 15724
0:0:0:0:0:0:0:1 - - [21/Nov/2018:22:28:26 +0800] "GET /webjars/springfox-swagger-ui/lib/jsoneditor.min.js HTTP/1.1" 200 129835
0:0:0:0:0:0:0:1 - - [21/Nov/2018:22:28:26 +0800] "GET /webjars/springfox-swagger-ui/springfox.js HTTP/1.1" 200 4475
0:0:0:0:0:0:0:1 - - [21/Nov/2018:22:28:26 +0800] "GET /webjars/springfox-swagger-ui/lib/swagger-oauth.js HTTP/1.1" 200 7042
0:0:0:0:0:0:0:1 - - [21/Nov/2018:22:28:26 +0800] "GET /webjars/springfox-swagger-ui/swagger-ui.min.js HTTP/1.1" 200 453076
0:0:0:0:0:0:0:1 - - [21/Nov/2018:22:28:26 +0800] "GET /webjars/springfox-swagger-ui/images/logo_small.png HTTP/1.1" 200 455
0:0:0:0:0:0:0:1 - - [21/Nov/2018:22:28:26 +0800] "GET /webjars/springfox-swagger-ui/css/print.css HTTP/1.1" 200 41666
0:0:0:0:0:0:0:1 - - [21/Nov/2018:22:28:26 +0800] "GET /swagger-resources/configuration/ui HTTP/1.1" 200 186
0:0:0:0:0:0:0:1 - - [21/Nov/2018:22:28:26 +0800] "GET /webjars/springfox-swagger-ui/images/favicon-32x32.png HTTP/1.1" 200 1141
0:0:0:0:0:0:0:1 - - [21/Nov/2018:22:28:26 +0800] "GET /swagger-resources HTTP/1.1" 200 110
0:0:0:0:0:0:0:1 - - [21/Nov/2018:22:28:26 +0800] "GET /v2/api-docs HTTP/1.1" 200 1151
0:0:0:0:0:0:0:1 - - [21/Nov/2018:22:28:26 +0800] "GET /swagger-resources/configuration/security HTTP/1.1" 200 107
0:0:0:0:0:0:0:1 - - [21/Nov/2018:22:28:45 +0800] "GET /swagger-ui.html HTTP/1.1" 200 794
0:0:0:0:0:0:0:1 - - [21/Nov/2018:22:28:46 +0800] "GET /webjars/springfox-swagger-ui/css/typography.css HTTP/1.1" 200 -
0:0:0:0:0:0:0:1 - - [21/Nov/2018:22:28:47 +0800] "GET /webjars/springfox-swagger-ui/css/reset.css HTTP/1.1" 200 773
0:0:0:0:0:0:0:1 - - [21/Nov/2018:22:28:48 +0800] "GET /webjars/springfox-swagger-ui/lib/object-assign-pollyfill.js HTTP/1.1" 200 349
0:0:0:0:0:0:0:1 - - [21/Nov/2018:22:28:48 +0800] "GET /webjars/springfox-swagger-ui/lib/jquery.slideto.min.js HTTP/1.1" 200 365
0:0:0:0:0:0:0:1 - - [21/Nov/2018:22:28:48 +0800] "GET /webjars/springfox-swagger-ui/css/screen.css HTTP/1.1" 200 43644
0:0:0:0:0:0:0:1 - - [21/Nov/2018:22:28:49 +0800] "GET /webjars/springfox-swagger-ui/lib/backbone-min.js HTTP/1.1" 200 19371
0:0:0:0:0:0:0:1 - - [21/Nov/2018:22:28:49 +0800] "GET /webjars/springfox-swagger-ui/lib/jquery-1.8.0.min.js HTTP/1.1" 200 92032
0:0:0:0:0:0:0:1 - - [21/Nov/2018:22:28:49 +0800] "GET /webjars/springfox-swagger-ui/lib/jquery.wiggle.min.js HTTP/1.1" 200 536
0:0:0:0:0:0:0:1 - - [21/Nov/2018:22:28:50 +0800] "GET /webjars/springfox-swagger-ui/lib/jquery.ba-bbq.min.js HTTP/1.1" 200 3518
0:0:0:0:0:0:0:1 - - [21/Nov/2018:22:28:50 +0800] "GET /webjars/springfox-swagger-ui/lib/handlebars-4.0.5.js HTTP/1.1" 200 71504
0:0:0:0:0:0:0:1 - - [21/Nov/2018:22:28:50 +0800] "GET /webjars/springfox-swagger-ui/lib/marked.js HTTP/1.1" 200 15724
0:0:0:0:0:0:0:1 - - [21/Nov/2018:22:28:50 +0800] "GET /webjars/springfox-swagger-ui/lib/swagger-oauth.js HTTP/1.1" 200 7042
0:0:0:0:0:0:0:1 - - [21/Nov/2018:22:28:51 +0800] "GET /webjars/springfox-swagger-ui/lib/lodash.min.js HTTP/1.1" 200 51894
0:0:0:0:0:0:0:1 - - [21/Nov/2018:22:28:51 +0800] "GET /webjars/springfox-swagger-ui/swagger-ui.min.js HTTP/1.1" 200 453076
0:0:0:0:0:0:0:1 - - [21/Nov/2018:22:28:52 +0800] "GET /webjars/springfox-swagger-ui/lib/highlight.9.1.0.pack.js HTTP/1.1" 200 10962
0:0:0:0:0:0:0:1 - - [21/Nov/2018:22:28:52 +0800] "GET /webjars/springfox-swagger-ui/lib/highlight.9.1.0.pack_extended.js HTTP/1.1" 200 310
0:0:0:0:0:0:0:1 - - [21/Nov/2018:22:28:52 +0800] "GET /webjars/springfox-swagger-ui/lib/jsoneditor.min.js HTTP/1.1" 200 129835
0:0:0:0:0:0:0:1 - - [21/Nov/2018:22:28:55 +0800] "GET /webjars/springfox-swagger-ui/springfox.js HTTP/1.1" 200 4475
0:0:0:0:0:0:0:1 - - [21/Nov/2018:22:28:55 +0800] "GET /swagger-resources/configuration/ui HTTP/1.1" 200 186
0:0:0:0:0:0:0:1 - - [21/Nov/2018:22:28:55 +0800] "GET /swagger-resources HTTP/1.1" 200 110
0:0:0:0:0:0:0:1 - - [21/Nov/2018:22:28:55 +0800] "GET /v2/api-docs HTTP/1.1" 200 1151
0:0:0:0:0:0:0:1 - - [21/Nov/2018:22:28:55 +0800] "GET /swagger-resources/configuration/security HTTP/1.1" 200 107
0:0:0:0:0:0:0:1 - - [21/Nov/2018:22:28:56 +0800] "GET /webjars/springfox-swagger-ui/images/logo_small.png HTTP/1.1" 200 455
0:0:0:0:0:0:0:1 - - [21/Nov/2018:22:28:56 +0800] "GET /webjars/springfox-swagger-ui/css/print.css HTTP/1.1" 200 41666
0:0:0:0:0:0:0:1 - - [21/Nov/2018:22:28:56 +0800] "GET /webjars/springfox-swagger-ui/images/favicon-32x32.png HTTP/1.1" 200 1141
0:0:0:0:0:0:0:1 - - [21/Nov/2018:22:29:28 +0800] "GET /demo/demoFindById/8595aa1832d24ea0a5b14fb4c29ad520 HTTP/1.1" 200 76
0:0:0:0:0:0:0:1 - - [21/Nov/2018:22:29:48 +0800] "GET /demo/demoFindById/6e5935a1251046fbbc1c2f6bea931f0a HTTP/1.1" 200 76
0:0:0:0:0:0:0:1 - - [21/Nov/2018:22:29:49 +0800] "GET /demo/demoFindById/6e5935a1251046fbbc1c2f6bea931f0a HTTP/1.1" 200 76
192.168.43.23 - - [21/Nov/2018:22:30:35 +0800] "GET /demofeign/demoFeignFindById/0c0b1ca9dabb4e54a64285fc6af300a0 HTTP/1.1" 200 -
192.168.43.23 - - [21/Nov/2018:22:30:44 +0800] "GET /demofeign/demoFeignFindById/0c0b1ca9dabb4e54a64285fc6af300a0 HTTP/1.1" 200 -
0:0:0:0:0:0:0:1 - - [21/Nov/2018:22:32:29 +0800] "GET /demo/demoFindById/6e5935a1251046fbbc1c2f6bea931f0a0c0b1ca9dabb4e54a64285fc6af300a0 HTTP/1.1" 200 76
0:0:0:0:0:0:0:1 - - [21/Nov/2018:22:32:35 +0800] "GET /demo/demoFindById/6e5935a1251046fbbc1c2f6bea931f0a0c0b1ca9dabb4e54a64285fc6af300a0 HTTP/1.1" 200 76
0:0:0:0:0:0:0:1 - - [21/Nov/2018:22:32:43 +0800] "GET /demo/demoFindById/0c0b1ca9dabb4e54a64285fc6af300a0 HTTP/1.1" 200 76
192.168.43.23 - - [21/Nov/2018:22:33:29 +0800] "GET /demo/demoFindById/0c0b1ca9dabb4e54a64285fc6af300a0 HTTP/1.1" 200 76
192.168.43.23 - - [21/Nov/2018:22:33:44 +0800] "GET /demo/demoFindById/0c0b1ca9dabb4e54a64285fc6af300a0 HTTP/1.1" 200 76
0:0:0:0:0:0:0:1 - - [21/Nov/2018:22:34:12 +0800] "GET /demo/login HTTP/1.1" 200 249
0:0:0:0:0:0:0:1 - - [21/Nov/2018:22:35:47 +0800] "GET /swagger-resources HTTP/1.1" 200 110
0:0:0:0:0:0:0:1 - - [21/Nov/2018:22:35:47 +0800] "GET /v2/api-docs HTTP/1.1" 200 1151
0:0:0:0:0:0:0:1 - - [21/Nov/2018:22:35:48 +0800] "GET /swagger-resources/configuration/security HTTP/1.1" 200 107
0:0:0:0:0:0:0:1 - - [21/Nov/2018:22:37:39 +0800] "GET /swagger-resources/configuration/ui HTTP/1.1" 200 186
0:0:0:0:0:0:0:1 - - [21/Nov/2018:22:37:39 +0800] "GET /swagger-resources HTTP/1.1" 200 110
0:0:0:0:0:0:0:1 - - [21/Nov/2018:22:37:39 +0800] "GET /v2/api-docs HTTP/1.1" 200 1151
0:0:0:0:0:0:0:1 - - [21/Nov/2018:22:37:39 +0800] "GET /swagger-resources/configuration/security HTTP/1.1" 200 107
